<?xml version="1.0" encoding="UTF-8"?>
<!-- Generated by org.testng.reporters.JUnitXMLReporter -->
<testsuite hostname="INIDC-ShaikhR" name="Test" tests="1" failures="1" timestamp="29 Jan 2020 12:15:02 GMT" time="18.922" errors="0">
  <testcase name="TC_0001" time="15.698" classname="testCases.TC001">
    <failure type="java.lang.AssertionError" message="expected [true] but found [false]">
      <![CDATA[java.lang.AssertionError: expected [true] but found [false]
	at testCases.TC001.TC_0001(TC001.java:37)
... Removed 28 stack frames]]>
    </failure>
  </testcase> <!-- TC_0001 -->
</testsuite> <!-- Test -->
