<?xml version="1.0" encoding="UTF-8"?>
<!-- Generated by org.testng.reporters.JUnitXMLReporter -->
<testsuite hostname="INIDC-ShaikhR" name="Test" tests="1" failures="1" timestamp="30 Jan 2020 09:32:18 GMT" time="37.912" errors="0">
  <testcase name="TC_0001" time="33.781" classname="testCases.TC001">
    <failure type="java.lang.AssertionError" message="expected [true] but found [false]">
      <![CDATA[java.lang.AssertionError: expected [true] but found [false]
	at testCases.TC001.TC_0001(TC001.java:37)
... Removed 32 stack frames]]>
    </failure>
  </testcase> <!-- TC_0001 -->
</testsuite> <!-- Test -->
